[0.096s] Invoking command in '/home/dex/workspace/ROS_Project1/build/ros2_pkg': CMAKE_PREFIX_PATH=/opt/ros/humble /usr/bin/cmake --build /home/dex/workspace/ROS_Project1/build/ros2_pkg -- -j2 -l2
[0.406s] [ 50%] Built target rpm_publisher
[0.406s] [ 37%] Built target hello_world_publisher
[0.496s] [ 62%] [32mBuilding CXX object CMakeFiles/rpm_subscriber.dir/src/rpm_subscriber.cpp.o[0m
[0.520s] [ 87%] Built target hello_world_subscriber
[4.044s] In file included from [01m[K/usr/include/c++/11/pstl/glue_algorithm_defs.h:13[m[K,
[4.044s]                  from [01m[K/usr/include/c++/11/algorithm:74[m[K,
[4.044s]                  from [01m[K/opt/ros/humble/include/rclcpp/rclcpp/executor.hpp:18[m[K,
[4.044s]                  from [01m[K/opt/ros/humble/include/rclcpp/rclcpp/executors/multi_threaded_executor.hpp:25[m[K,
[4.044s]                  from [01m[K/opt/ros/humble/include/rclcpp/rclcpp/executors.hpp:21[m[K,
[4.044s]                  from [01m[K/opt/ros/humble/include/rclcpp/rclcpp/rclcpp.hpp:155[m[K,
[4.044s]                  from [01m[K/home/dex/workspace/ROS_Project1/src/ros2_pkg/src/rpm_subscriber.cpp:1[m[K:
[4.044s] /usr/include/c++/11/functional: In instantiation of â€˜[01m[Kstruct std::_Bind_check_arity<void (RPMNode::*)(const std_msgs::msg::Int32_<std::allocator<void> >&), RPMNode*>[m[Kâ€™:
[4.044s] [01m[K/usr/include/c++/11/functional:768:12:[m[K   required from â€˜[01m[Kstruct std::_Bind_helper<false, void (RPMNode::*)(const std_msgs::msg::Int32_<std::allocator<void> >&), RPMNode*>[m[Kâ€™
[4.044s] [01m[K/usr/include/c++/11/functional:789:5:[m[K   required by substitution of â€˜[01m[Ktemplate<class _Func, class ... _BoundArgs> typename std::_Bind_helper<std::__is_socketlike<_Func>::value, _Func, _BoundArgs ...>::type std::bind(_Func&&, _BoundArgs&& ...) [with _Func = void (RPMNode::*)(const std_msgs::msg::Int32_<std::allocator<void> >&); _BoundArgs = {RPMNode*}][m[Kâ€™
[4.044s] [01m[K/home/dex/workspace/ROS_Project1/src/ros2_pkg/src/rpm_subscriber.cpp:19:21:[m[K   required from here
[4.044s] [01m[K/usr/include/c++/11/functional:756:21:[m[K [01;31m[Kerror: [m[Kstatic assertion failed: Wrong number of arguments for pointer-to-member
[4.044s]   755 |       static_assert(_Varargs::[01;31m[Kvalue[m[K
[4.044s]       |                               [01;31m[K~~~~~[m[K
[4.044s]   756 | [01;31m[K                    ? sizeof...(_BoundArgs) >= _Arity::value + 1[m[K
[4.045s]       |                     [01;31m[K^~~~~~~~~~~~~~~~~~~~~~~~~~~~~~~~~~~~~~~~~~~~[m[K
[4.045s]   757 | [01;31m[K                    : sizeof...(_BoundArgs) == _Arity::value + 1[m[K,
[4.045s]       |                     [01;31m[K~~~~~~~~~~~~~~~~~~~~~~~~~~~~~~~~~~~~~~~~~~~~[m[K
[4.045s] [01m[K/usr/include/c++/11/functional:756:21:[m[K [01;36m[Knote: [m[Kâ€˜[01m[K(false ? (1 >= (((long unsigned int)std::integral_constant<long unsigned int, 1>::value) + 1)) : (1 == (((long unsigned int)std::integral_constant<long unsigned int, 1>::value) + 1)))[m[Kâ€™ evaluates to false
[4.054s] [01m[K/home/dex/workspace/ROS_Project1/src/ros2_pkg/src/rpm_subscriber.cpp:[m[K In constructor â€˜[01m[KRPMNode::RPMNode()[m[Kâ€™:
[4.054s] [01m[K/home/dex/workspace/ROS_Project1/src/ros2_pkg/src/rpm_subscriber.cpp:18:45:[m[K [01;31m[Kerror: [m[Kno matching function for call to â€˜[01m[KRPMNode::create_wall_timer(std::chrono::seconds, std::_Bind_helper<false, void (RPMNode::*)(const std_msgs::msg::Int32_<std::allocator<void> >&), RPMNode*>::type)[m[Kâ€™
[4.054s]    18 |             timer_ = [01;31m[Kthis->create_wall_timer(1s,[m[K
[4.054s]       |                      [01;31m[K~~~~~~~~~~~~~~~~~~~~~~~^~~~[m[K
[4.054s]    19 | [01;31m[K                bind(&RPMNode::speed,this)[m[K
[4.054s]       |                 [01;31m[K~~~~~~~~~~~~~~~~~~~~~~~~~~[m[K   
[4.054s]    20 | [01;31m[K            )[m[K;
[4.054s]       |             [01;31m[K~[m[K                                
[4.054s] In file included from [01m[K/opt/ros/humble/include/rclcpp/rclcpp/executors/single_threaded_executor.hpp:28[m[K,
[4.055s]                  from [01m[K/opt/ros/humble/include/rclcpp/rclcpp/executors.hpp:22[m[K,
[4.055s]                  from [01m[K/opt/ros/humble/include/rclcpp/rclcpp/rclcpp.hpp:155[m[K,
[4.055s]                  from [01m[K/home/dex/workspace/ROS_Project1/src/ros2_pkg/src/rpm_subscriber.cpp:1[m[K:
[4.055s] [01m[K/opt/ros/humble/include/rclcpp/rclcpp/node.hpp:238:3:[m[K [01;36m[Knote: [m[Kcandidate: â€˜[01m[Ktemplate<class DurationRepT, class DurationT, class CallbackT> typename rclcpp::WallTimer<CallbackT>::SharedPtr rclcpp::Node::create_wall_timer(std::chrono::duration<_Rep1, _Period1>, CallbackT, rclcpp::CallbackGroup::SharedPtr)[m[Kâ€™
[4.055s]   238 |   [01;36m[Kcreate_wall_timer[m[K(
[4.055s]       |   [01;36m[K^~~~~~~~~~~~~~~~~[m[K
[4.055s] [01m[K/opt/ros/humble/include/rclcpp/rclcpp/node.hpp:238:3:[m[K [01;36m[Knote: [m[K  template argument deduction/substitution failed:
[4.055s] In file included from [01m[K/opt/ros/humble/include/rclcpp/rclcpp/node.hpp:1321[m[K,
[4.055s]                  from [01m[K/opt/ros/humble/include/rclcpp/rclcpp/executors/single_threaded_executor.hpp:28[m[K,
[4.055s]                  from [01m[K/opt/ros/humble/include/rclcpp/rclcpp/executors.hpp:22[m[K,
[4.055s]                  from [01m[K/opt/ros/humble/include/rclcpp/rclcpp/rclcpp.hpp:155[m[K,
[4.055s]                  from [01m[K/home/dex/workspace/ROS_Project1/src/ros2_pkg/src/rpm_subscriber.cpp:1[m[K:
[4.056s] /opt/ros/humble/include/rclcpp/rclcpp/node_impl.hpp: In substitution of â€˜[01m[Ktemplate<class DurationRepT, class DurationT, class CallbackT> typename rclcpp::WallTimer<CallbackT>::SharedPtr rclcpp::Node::create_wall_timer(std::chrono::duration<_Rep1, _Period1>, CallbackT, rclcpp::CallbackGroup::SharedPtr) [with DurationRepT = long int; DurationT = std::ratio<1>; CallbackT = std::_Bind<void (RPMNode::*(RPMNode*))(const std_msgs::msg::Int32_<std::allocator<void> >&)>][m[Kâ€™:
[4.056s] [01m[K/home/dex/workspace/ROS_Project1/src/ros2_pkg/src/rpm_subscriber.cpp:18:45:[m[K   required from here
[4.056s] [01m[K/opt/ros/humble/include/rclcpp/rclcpp/node_impl.hpp:110:1:[m[K [01;31m[Kerror: [m[Kno type named â€˜[01m[Ktype[m[Kâ€™ in â€˜[01m[Kstruct std::enable_if<false, void>[m[Kâ€™
[4.056s]   110 | [01;31m[KNode[m[K::create_wall_timer(
[4.056s]       | [01;31m[K^~~~[m[K
[4.056s] [01m[K/opt/ros/humble/include/rclcpp/rclcpp/node_impl.hpp:110:1:[m[K [01;31m[Kerror: [m[Kno type named â€˜[01m[Ktype[m[Kâ€™ in â€˜[01m[Kstruct std::enable_if<false, void>[m[Kâ€™
[4.056s] [01m[K/opt/ros/humble/include/rclcpp/rclcpp/node_impl.hpp:110:1:[m[K [01;36m[Knote: [m[Kinvalid template non-type parameter
[7.057s] gmake[2]: *** [CMakeFiles/rpm_subscriber.dir/build.make:76: CMakeFiles/rpm_subscriber.dir/src/rpm_subscriber.cpp.o] Error 1
[7.059s] gmake[1]: *** [CMakeFiles/Makefile2:221: CMakeFiles/rpm_subscriber.dir/all] Error 2
[7.060s] gmake: *** [Makefile:146: all] Error 2
[7.061s] Invoked command in '/home/dex/workspace/ROS_Project1/build/ros2_pkg' returned '2': CMAKE_PREFIX_PATH=/opt/ros/humble /usr/bin/cmake --build /home/dex/workspace/ROS_Project1/build/ros2_pkg -- -j2 -l2
